{"C:\\Users\\Po'i'kilo't'he'r'm\\Desktop\\software_engineering\\calculator\\calculator.js": {"path":"C:\\Users\\Po'i'kilo't'he'r'm\\Desktop\\software_engineering\\calculator\\calculator.js","statementMap":{"0":{"start":{"line":1,"column":0},"end":{"line":8,"column":3}},"1":{"start":{"line":2,"column":16},"end":{"line":2,"column":25}},"2":{"start":{"line":3,"column":4},"end":{"line":7,"column":5}},"3":{"start":{"line":4,"column":8},"end":{"line":4,"column":26}},"4":{"start":{"line":5,"column":11},"end":{"line":7,"column":5}},"5":{"start":{"line":6,"column":8},"end":{"line":6,"column":23}},"6":{"start":{"line":11,"column":11},"end":{"line":11,"column":13}},"7":{"start":{"line":14,"column":4},"end":{"line":14,"column":12}},"8":{"start":{"line":15,"column":4},"end":{"line":15,"column":18}},"9":{"start":{"line":16,"column":4},"end":{"line":16,"column":52}},"10":{"start":{"line":17,"column":4},"end":{"line":17,"column":12}},"11":{"start":{"line":21,"column":4},"end":{"line":21,"column":12}},"12":{"start":{"line":22,"column":4},"end":{"line":22,"column":14}},"13":{"start":{"line":23,"column":4},"end":{"line":23,"column":50}},"14":{"start":{"line":24,"column":4},"end":{"line":24,"column":51}},"15":{"start":{"line":25,"column":4},"end":{"line":25,"column":12}},"16":{"start":{"line":29,"column":4},"end":{"line":33,"column":5}},"17":{"start":{"line":30,"column":8},"end":{"line":30,"column":22}},"18":{"start":{"line":32,"column":8},"end":{"line":32,"column":46}},"19":{"start":{"line":36,"column":4},"end":{"line":36,"column":12}},"20":{"start":{"line":37,"column":4},"end":{"line":37,"column":29}},"21":{"start":{"line":38,"column":4},"end":{"line":38,"column":52}},"22":{"start":{"line":39,"column":4},"end":{"line":39,"column":12}},"23":{"start":{"line":42,"column":4},"end":{"line":42,"column":12}},"24":{"start":{"line":43,"column":4},"end":{"line":52,"column":5}},"25":{"start":{"line":44,"column":8},"end":{"line":44,"column":289}},"26":{"start":{"line":45,"column":8},"end":{"line":45,"column":26}},"27":{"start":{"line":46,"column":8},"end":{"line":46,"column":34}},"28":{"start":{"line":47,"column":8},"end":{"line":47,"column":58}},"29":{"start":{"line":47,"column":43},"end":{"line":47,"column":58}},"30":{"start":{"line":48,"column":8},"end":{"line":48,"column":57}},"31":{"start":{"line":50,"column":8},"end":{"line":50,"column":54}},"32":{"start":{"line":51,"column":8},"end":{"line":51,"column":60}},"33":{"start":{"line":53,"column":4},"end":{"line":53,"column":12}},"34":{"start":{"line":58,"column":4},"end":{"line":58,"column":52}},"35":{"start":{"line":61,"column":0},"end":{"line":63,"column":1}}},"fnMap":{"0":{"name":"(anonymous_0)","decl":{"start":{"line":1,"column":37},"end":{"line":1,"column":38}},"loc":{"start":{"line":1,"column":54},"end":{"line":8,"column":1}},"line":1},"1":{"name":"appendToDisplay","decl":{"start":{"line":13,"column":9},"end":{"line":13,"column":24}},"loc":{"start":{"line":13,"column":32},"end":{"line":18,"column":1}},"line":13},"2":{"name":"clearDisplay","decl":{"start":{"line":20,"column":9},"end":{"line":20,"column":21}},"loc":{"start":{"line":20,"column":24},"end":{"line":26,"column":1}},"line":20},"3":{"name":"formatNumber","decl":{"start":{"line":28,"column":9},"end":{"line":28,"column":21}},"loc":{"start":{"line":28,"column":30},"end":{"line":34,"column":1}},"line":28},"4":{"name":"delToDisplay","decl":{"start":{"line":35,"column":9},"end":{"line":35,"column":21}},"loc":{"start":{"line":35,"column":24},"end":{"line":40,"column":1}},"line":35},"5":{"name":"calculateResult","decl":{"start":{"line":41,"column":9},"end":{"line":41,"column":24}},"loc":{"start":{"line":41,"column":27},"end":{"line":54,"column":1}},"line":41},"6":{"name":"check","decl":{"start":{"line":57,"column":9},"end":{"line":57,"column":14}},"loc":{"start":{"line":57,"column":17},"end":{"line":59,"column":1}},"line":57}},"branchMap":{"0":{"loc":{"start":{"line":3,"column":4},"end":{"line":7,"column":5}},"type":"if","locations":[{"start":{"line":3,"column":4},"end":{"line":7,"column":5}},{"start":{"line":5,"column":11},"end":{"line":7,"column":5}}],"line":3},"1":{"loc":{"start":{"line":5,"column":11},"end":{"line":7,"column":5}},"type":"if","locations":[{"start":{"line":5,"column":11},"end":{"line":7,"column":5}},{"start":{},"end":{}}],"line":5},"2":{"loc":{"start":{"line":29,"column":4},"end":{"line":33,"column":5}},"type":"if","locations":[{"start":{"line":29,"column":4},"end":{"line":33,"column":5}},{"start":{"line":31,"column":11},"end":{"line":33,"column":5}}],"line":29},"3":{"loc":{"start":{"line":47,"column":8},"end":{"line":47,"column":58}},"type":"if","locations":[{"start":{"line":47,"column":8},"end":{"line":47,"column":58}},{"start":{},"end":{}}],"line":47}},"s":{"0":1,"1":2,"2":2,"3":1,"4":1,"5":1,"6":1,"7":6,"8":6,"9":6,"10":6,"11":2,"12":2,"13":2,"14":2,"15":2,"16":10,"17":1,"18":9,"19":3,"20":3,"21":3,"22":3,"23":11,"24":11,"25":11,"26":11,"27":10,"28":9,"29":3,"30":9,"31":2,"32":2,"33":11,"34":44,"35":1},"f":{"0":2,"1":6,"2":2,"3":10,"4":3,"5":11,"6":44},"b":{"0":[1,1],"1":[1,0],"2":[1,9],"3":[3,6]},"_coverageSchema":"1a1c01bbd47fc00a2c39e90264f33305004495a9","hash":"76d9d51906d1d455e90d64f98c6d735d20cce399"}
}
