TN:
SF:calculator.js
FN:1,(anonymous_0)
FN:13,appendToDisplay
FN:20,clearDisplay
FN:28,formatNumber
FN:35,delToDisplay
FN:41,calculateResult
FN:57,check
FNF:7
FNH:7
FNDA:2,(anonymous_0)
FNDA:6,appendToDisplay
FNDA:2,clearDisplay
FNDA:10,formatNumber
FNDA:3,delToDisplay
FNDA:11,calculateResult
FNDA:44,check
DA:1,1
DA:2,2
DA:3,2
DA:4,1
DA:5,1
DA:6,1
DA:11,1
DA:14,6
DA:15,6
DA:16,6
DA:17,6
DA:21,2
DA:22,2
DA:23,2
DA:24,2
DA:25,2
DA:29,10
DA:30,1
DA:32,9
DA:36,3
DA:37,3
DA:38,3
DA:39,3
DA:42,11
DA:43,11
DA:44,11
DA:45,11
DA:46,10
DA:47,9
DA:48,9
DA:50,2
DA:51,2
DA:53,11
DA:58,44
DA:61,1
LF:35
LH:35
BRDA:3,0,0,1
BRDA:3,0,1,1
BRDA:5,1,0,1
BRDA:5,1,1,0
BRDA:29,2,0,1
BRDA:29,2,1,9
BRDA:47,3,0,3
BRDA:47,3,1,6
BRF:8
BRH:7
end_of_record
